PLINK v2.0.0-a.6.0LM 64-bit Intel (11 Nov 2024)
Options in effect:
  --bfile hapmap_bin
  --geno 0.05
  --make-pgen
  --mind 0.05
  --out hapmap_filt_miss

Hostname: pop-os
Working directory: /home/evgenija/Desktop/Evgenija Gagaleska /famnit 3rd year/Evolution-and-population-genetics
Start time: Tue Nov 19 16:13:36 2024

Random number seed: 1732029216
15386 MiB RAM detected, ~5380 available; reserving 5316 MiB for main workspace.
Using up to 16 threads (change this with --threads).
89 samples (0 females, 89 males; 89 founders) loaded from hapmap_bin.fam.
83534 variants loaded from hapmap_bin.bim.
1 binary phenotype loaded (44 cases, 45 controls).
Calculating sample missingness rates... done.
0 samples removed due to missing genotype data (--mind).
89 samples (0 females, 89 males; 89 founders) remaining after main filters.
44 cases and 45 controls remaining after main filters.
Calculating allele frequencies... done.
--geno: 2134 variants removed due to missing genotype data.
81400 variants remaining after main filters.
Writing hapmap_filt_miss.psam ... done.
Writing hapmap_filt_miss.pvar ... done.
Writing hapmap_filt_miss.pgen ... done.

End time: Tue Nov 19 16:13:36 2024
